#
# There is insufficient memory for the Java Runtime Environment to continue.
# Native memory allocation (malloc) failed to allocate 1088336 bytes for Chunk::new
# Possible reasons:
#   The system is out of physical RAM or swap space
#   In 32 bit mode, the process size limit was hit
# Possible solutions:
#   Reduce memory load on the system
#   Increase physical memory or swap space
#   Check if swap backing store is full
#   Use 64 bit Java on a 64 bit OS
#   Decrease Java heap size (-Xmx/-Xms)
#   Decrease number of Java threads
#   Decrease Java thread stack sizes (-Xss)
#   Set larger code cache with -XX:ReservedCodeCacheSize=
# This output file may be truncated or incomplete.
#
#  Out of Memory Error (allocation.cpp:390), pid=10252, tid=0x0000000000001ea8
#
# JRE version: OpenJDK Runtime Environment (8.0_152-b01) (build 1.8.0_152-release-1343-b01)
# Java VM: OpenJDK 64-Bit Server VM (25.152-b01 mixed mode windows-amd64 compressed oops)
# Failed to write core dump. Minidumps are not enabled by default on client versions of Windows
#

---------------  T H R E A D  ---------------

Current thread (0x000000001648d000):  JavaThread "C2 CompilerThread0" daemon [_thread_in_native, id=7848, stack(0x0000000017ad0000,0x0000000017bd0000)]

Stack: [0x0000000017ad0000,0x0000000017bd0000]
[error occurred during error reporting (printing stack bounds), id 0xc0000005]

Native frames: (J=compiled Java code, j=interpreted, Vv=VM code, C=native code)


Current CompileTask:
C2:  39535 12664       4       com.android.tools.r8.ir.regalloc.LinearScanRegisterAllocator::allocateSingleInterval (841 bytes)


---------------  P R O C E S S  ---------------

Java Threads: ( => current thread )
  0x000000001fca8000 JavaThread "ForkJoinPool.commonPool-worker-2" daemon [_thread_blocked, id=4920, stack(0x0000000025580000,0x0000000025680000)]
  0x000000001fc99800 JavaThread "ForkJoinPool.commonPool-worker-1" daemon [_thread_blocked, id=8992, stack(0x0000000025480000,0x0000000025580000)]
  0x000000001fca5000 JavaThread "ForkJoinPool.commonPool-worker-0" daemon [_thread_blocked, id=15520, stack(0x0000000024cb0000,0x0000000024db0000)]
  0x000000001fc9e000 JavaThread "Cache worker for Java compile cache (C:\Users\xeshi\AndroidLocal\cs213android\AndroidProject16\.gradle\5.1.1\javaCompile)" [_thread_blocked, id=15956, stack(0x00000000247b0000,0x00000000248b0000)]
  0x000000001fc9a000 JavaThread "Cache worker for Java compile cache (C:\Users\xeshi\.gradle\caches\5.1.1\javaCompile)" [_thread_blocked, id=16108, stack(0x00000000246b0000,0x00000000247b0000)]
  0x000000001fc9c800 JavaThread "stdout" daemon [_thread_in_native, id=15948, stack(0x00000000243b0000,0x00000000244b0000)]
  0x000000001fc9b000 JavaThread "stderr" daemon [_thread_in_native, id=11476, stack(0x00000000242b0000,0x00000000243b0000)]
  0x000000001fc9b800 JavaThread "stdout" daemon [_thread_in_native, id=14252, stack(0x00000000241b0000,0x00000000242b0000)]
  0x000000001fc9f000 JavaThread "stderr" daemon [_thread_in_native, id=11284, stack(0x00000000240b0000,0x00000000241b0000)]
  0x000000001fc9f800 JavaThread "pool-2-thread-1" [_thread_blocked, id=10392, stack(0x0000000023fb0000,0x00000000240b0000)]
  0x000000001c6e8000 JavaThread "Cache worker for execution history cache (C:\Users\xeshi\AndroidLocal\cs213android\AndroidProject16\.gradle\5.1.1\executionHistory)" [_thread_blocked, id=15020, stack(0x00000000239b0000,0x0000000023ab0000)]
  0x000000001c6e7000 JavaThread "Execution worker for ':' Thread 3" [_thread_blocked, id=3596, stack(0x00000000238b0000,0x00000000239b0000)]
  0x000000001c6eb800 JavaThread "Execution worker for ':' Thread 2" [_thread_blocked, id=15388, stack(0x00000000237b0000,0x00000000238b0000)]
  0x000000001c09c000 JavaThread "Execution worker for ':'" [_thread_blocked, id=14196, stack(0x00000000236b0000,0x00000000237b0000)]
  0x000000001c093800 JavaThread "Cache worker for file content cache (C:\Users\xeshi\AndroidLocal\cs213android\AndroidProject16\.gradle\5.1.1\fileContent)" [_thread_blocked, id=5072, stack(0x00000000235b0000,0x00000000236b0000)]
  0x000000001c09a800 JavaThread "Cache worker for file content cache (C:\Users\xeshi\.gradle\caches\5.1.1\fileContent)" [_thread_blocked, id=2236, stack(0x00000000232b0000,0x00000000233b0000)]
  0x000000001c098000 JavaThread "Memory manager" [_thread_blocked, id=7508, stack(0x0000000022ce0000,0x0000000022de0000)]
  0x000000001c099000 JavaThread "Cache worker for Build Output Cleanup Cache (C:\Users\xeshi\AndroidLocal\cs213android\AndroidProject16\.gradle\buildOutputCleanup)" [_thread_blocked, id=16232, stack(0x0000000021010000,0x0000000021110000)]
  0x000000001c095000 JavaThread "Build operations Thread 4" [_thread_blocked, id=4056, stack(0x0000000020f10000,0x0000000021010000)]
  0x000000001c08d800 JavaThread "Build operations Thread 3" [_thread_blocked, id=14072, stack(0x0000000020e10000,0x0000000020f10000)]
  0x000000001c091000 JavaThread "Build operations Thread 2" [_thread_blocked, id=8704, stack(0x0000000020d10000,0x0000000020e10000)]
  0x000000001c090800 JavaThread "Build operations" [_thread_blocked, id=1700, stack(0x0000000020970000,0x0000000020a70000)]
  0x000000001c08f800 JavaThread "Cache worker for execution history cache (C:\Users\xeshi\.gradle\caches\5.1.1\executionHistory)" [_thread_blocked, id=2156, stack(0x00000000201e0000,0x00000000202e0000)]
  0x000000001c092000 JavaThread "Cache worker for cache directory md-rule (C:\Users\xeshi\.gradle\caches\5.1.1\md-rule)" [_thread_blocked, id=5548, stack(0x00000000200e0000,0x00000000201e0000)]
  0x000000001c094000 JavaThread "Cache worker for cache directory md-supplier (C:\Users\xeshi\.gradle\caches\5.1.1\md-supplier)" [_thread_blocked, id=3992, stack(0x000000001eb90000,0x000000001ec90000)]
  0x00000000164a9000 JavaThread "Cache worker for file hash cache (C:\Users\xeshi\AndroidLocal\cs213android\AndroidProject16\.gradle\5.1.1\fileHashes)" [_thread_blocked, id=11268, stack(0x000000001d2c0000,0x000000001d3c0000)]
  0x00000000164a7800 JavaThread "Cache worker for journal cache (C:\Users\xeshi\.gradle\caches\journal-1)" [_thread_blocked, id=16016, stack(0x000000001af20000,0x000000001b020000)]
  0x00000000164a4000 JavaThread "File lock request listener" [_thread_in_native, id=7740, stack(0x000000001ae20000,0x000000001af20000)]
  0x000000001920f000 JavaThread "Cache worker for file hash cache (C:\Users\xeshi\.gradle\caches\5.1.1\fileHashes)" [_thread_blocked, id=12016, stack(0x000000001ad20000,0x000000001ae20000)]
  0x0000000018677800 JavaThread "Thread-8" [_thread_blocked, id=2084, stack(0x000000001ac20000,0x000000001ad20000)]
  0x0000000018673800 JavaThread "Stdin handler" [_thread_blocked, id=2288, stack(0x000000001ab20000,0x000000001ac20000)]
  0x0000000018671000 JavaThread "Asynchronous log dispatcher for DefaultDaemonConnection: socket connection from /127.0.0.1:52973 to /127.0.0.1:52974" [_thread_blocked, id=5480, stack(0x000000001aa20000,0x000000001ab20000)]
  0x0000000018b3e000 JavaThread "Daemon worker" [_thread_in_Java, id=12860, stack(0x000000001a920000,0x000000001aa20000)]
  0x0000000018b3d800 JavaThread "Cancel handler" [_thread_blocked, id=14020, stack(0x000000001a820000,0x000000001a920000)]
  0x000000001915d800 JavaThread "Handler for socket connection from /127.0.0.1:52973 to /127.0.0.1:52974" [_thread_in_native, id=9204, stack(0x000000001a520000,0x000000001a620000)]
  0x000000001915d000 JavaThread "Daemon" [_thread_blocked, id=12892, stack(0x000000001a420000,0x000000001a520000)]
  0x00000000193ee800 JavaThread "Daemon periodic checks" [_thread_blocked, id=12292, stack(0x000000001a320000,0x000000001a420000)]
  0x00000000193e5800 JavaThread "Incoming local TCP Connector on port 52973" [_thread_in_native, id=1032, stack(0x000000001a0e0000,0x000000001a1e0000)]
  0x0000000017e0a800 JavaThread "Service Thread" daemon [_thread_blocked, id=3644, stack(0x00000000181d0000,0x00000000182d0000)]
  0x00000000164a7000 JavaThread "C1 CompilerThread2" daemon [_thread_blocked, id=9436, stack(0x0000000017cd0000,0x0000000017dd0000)]
  0x0000000016491800 JavaThread "C2 CompilerThread1" daemon [_thread_in_native, id=4052, stack(0x0000000017bd0000,0x0000000017cd0000)]
=>0x000000001648d000 JavaThread "C2 CompilerThread0" daemon [_thread_in_native, id=7848, stack(0x0000000017ad0000,0x0000000017bd0000)]
  0x0000000016498000 JavaThread "Attach Listener" daemon [_thread_blocked, id=15764, stack(0x00000000179d0000,0x0000000017ad0000)]
  0x0000000016496800 JavaThread "Signal Dispatcher" daemon [_thread_blocked, id=15768, stack(0x00000000178d0000,0x00000000179d0000)]
  0x0000000002b1c000 JavaThread "Finalizer" daemon [_thread_blocked, id=15808, stack(0x00000000176e0000,0x00000000177e0000)]
  0x0000000002b11000 JavaThread "Reference Handler" daemon [_thread_blocked, id=15804, stack(0x00000000175e0000,0x00000000176e0000)]
  0x000000000289e800 JavaThread "main" [_thread_blocked, id=8924, stack(0x0000000002920000,0x0000000002a20000)]

Other Threads:
  0x0000000016457800 VMThread [stack: 0x00000000174e0000,0x00000000175e0000] [id=15780]
  0x0000000017e0b000 WatcherThread [stack: 0x00000000182d0000,0x00000000183d0000] [id=9780]

VM state:not at safepoint (normal execution)

VM Mutex/Monitor currently owned by a thread: None

Heap:
 PSYoungGen      total 237056K, used 44241K [0x00000000e0000000, 0x00000000f0780000, 0x0000000100000000)
  eden space 218624K, 13% used [0x00000000e0000000,0x00000000e1d16420,0x00000000ed580000)
  from space 18432K, 78% used [0x00000000ee800000,0x00000000ef61e230,0x00000000efa00000)
  to   space 18944K, 0% used [0x00000000ed580000,0x00000000ed580000,0x00000000ee800000)
 ParOldGen       total 125440K, used 47658K [0x00000000a0000000, 0x00000000a7a80000, 0x00000000e0000000)
  object space 125440K, 37% used [0x00000000a0000000,0x00000000a2e8a8e0,0x00000000a7a80000)
 Metaspace       used 81577K, capacity 85050K, committed 85144K, reserved 1122304K
  class space    used 10723K, capacity 11376K, committed 11432K, reserved 1048576K

Card table byte_map: [0x0000000011ee0000,0x00000000121f0000] byte_map_base: 0x00000000119e0000

Marking Bits: (ParMarkBitMap*) 0x0000000061cb5aa0
 Begin Bits: [0x00000000127f0000, 0x0000000013ff0000)
 End Bits:   [0x0000000013ff0000, 0x00000000157f0000)

Polling page: 0x0000000001060000

CodeCache: size=245760Kb used=34827Kb max_used=34827Kb free=210932Kb
 bounds [0x0000000002b20000, 0x0000000004d50000, 0x0000000011b20000]
 total_blobs=11892 nmethods=11026 adapters=777
 compilation: enabled

Compilation events (10 events):
Event: 39.522 Thread 0x00000000164a7000 12899       1       com.android.build.gradle.internal.pipeline.SubStream::getFormat (5 bytes)
Event: 39.522 Thread 0x00000000164a7000 nmethod 12899 0x0000000004d47910 code [0x0000000004d47a60, 0x0000000004d47b70]
Event: 39.522 Thread 0x00000000164a7000 12901       1       com.android.build.gradle.internal.pipeline.QualifiedContentImpl::getName (5 bytes)
Event: 39.522 Thread 0x00000000164a7000 nmethod 12901 0x0000000004d47bd0 code [0x0000000004d47d20, 0x0000000004d47e30]
Event: 39.522 Thread 0x00000000164a7000 12902       1       com.android.build.gradle.internal.pipeline.QualifiedContentImpl::getContentTypes (5 bytes)
Event: 39.522 Thread 0x00000000164a7000 nmethod 12902 0x0000000004d47e90 code [0x0000000004d47fe0, 0x0000000004d480f0]
Event: 39.523 Thread 0x00000000164a7000 12903       2       com.google.common.collect.Sets$2::size (49 bytes)
Event: 39.524 Thread 0x00000000164a7000 nmethod 12903 0x0000000004d48150 code [0x0000000004d482e0, 0x0000000004d48558]
Event: 39.526 Thread 0x00000000164a7000 12904       2       java.util.ArrayList$ArrayListSpliterator::forEachRemaining (129 bytes)
Event: 39.526 Thread 0x00000000164a7000 nmethod 12904 0x0000000004d48690 code [0x0000000004d48820, 0x0000000004d48c08]

GC Heap History (10 events):
Event: 17.697 GC heap before
{Heap before GC invocations=13 (full 2):
 PSYoungGen      total 164352K, used 131995K [0x00000000e0000000, 0x00000000eb700000, 0x0000000100000000)
  eden space 152576K, 78% used [0x00000000e0000000,0x00000000e756a838,0x00000000e9500000)
  from space 11776K, 99% used [0x00000000eab80000,0x00000000eb6fc480,0x00000000eb700000)
  to   space 13824K, 0% used [0x00000000e9c00000,0x00000000e9c00000,0x00000000ea980000)
 ParOldGen       total 81408K, used 19485K [0x00000000a0000000, 0x00000000a4f80000, 0x00000000e0000000)
  object space 81408K, 23% used [0x00000000a0000000,0x00000000a1307428,0x00000000a4f80000)
 Metaspace       used 57615K, capacity 59006K, committed 59160K, reserved 1099776K
  class space    used 7797K, capacity 8130K, committed 8232K, reserved 1048576K
Event: 17.749 GC heap after
Heap after GC invocations=13 (full 2):
 PSYoungGen      total 173568K, used 13180K [0x00000000e0000000, 0x00000000ee600000, 0x0000000100000000)
  eden space 159744K, 0% used [0x00000000e0000000,0x00000000e0000000,0x00000000e9c00000)
  from space 13824K, 95% used [0x00000000e9c00000,0x00000000ea8df3a0,0x00000000ea980000)
  to   space 15360K, 0% used [0x00000000ed700000,0x00000000ed700000,0x00000000ee600000)
 ParOldGen       total 81408K, used 26780K [0x00000000a0000000, 0x00000000a4f80000, 0x00000000e0000000)
  object space 81408K, 32% used [0x00000000a0000000,0x00000000a1a27280,0x00000000a4f80000)
 Metaspace       used 57615K, capacity 59006K, committed 59160K, reserved 1099776K
  class space    used 7797K, capacity 8130K, committed 8232K, reserved 1048576K
}
Event: 17.749 GC heap before
{Heap before GC invocations=14 (full 3):
 PSYoungGen      total 173568K, used 13180K [0x00000000e0000000, 0x00000000ee600000, 0x0000000100000000)
  eden space 159744K, 0% used [0x00000000e0000000,0x00000000e0000000,0x00000000e9c00000)
  from space 13824K, 95% used [0x00000000e9c00000,0x00000000ea8df3a0,0x00000000ea980000)
  to   space 15360K, 0% used [0x00000000ed700000,0x00000000ed700000,0x00000000ee600000)
 ParOldGen       total 81408K, used 26780K [0x00000000a0000000, 0x00000000a4f80000, 0x00000000e0000000)
  object space 81408K, 32% used [0x00000000a0000000,0x00000000a1a27280,0x00000000a4f80000)
 Metaspace       used 57615K, capacity 59006K, committed 59160K, reserved 1099776K
  class space    used 7797K, capacity 8130K, committed 8232K, reserved 1048576K
Event: 18.077 GC heap after
Heap after GC invocations=14 (full 3):
 PSYoungGen      total 173568K, used 0K [0x00000000e0000000, 0x00000000ee600000, 0x0000000100000000)
  eden space 159744K, 0% used [0x00000000e0000000,0x00000000e0000000,0x00000000e9c00000)
  from space 13824K, 0% used [0x00000000e9c00000,0x00000000e9c00000,0x00000000ea980000)
  to   space 15360K, 0% used [0x00000000ed700000,0x00000000ed700000,0x00000000ee600000)
 ParOldGen       total 125440K, used 33842K [0x00000000a0000000, 0x00000000a7a80000, 0x00000000e0000000)
  object space 125440K, 26% used [0x00000000a0000000,0x00000000a210c860,0x00000000a7a80000)
 Metaspace       used 57615K, capacity 59006K, committed 59160K, reserved 1099776K
  class space    used 7797K, capacity 8130K, committed 8232K, reserved 1048576K
}
Event: 21.401 GC heap before
{Heap before GC invocations=15 (full 3):
 PSYoungGen      total 173568K, used 159744K [0x00000000e0000000, 0x00000000ee600000, 0x0000000100000000)
  eden space 159744K, 100% used [0x00000000e0000000,0x00000000e9c00000,0x00000000e9c00000)
  from space 13824K, 0% used [0x00000000e9c00000,0x00000000e9c00000,0x00000000ea980000)
  to   space 15360K, 0% used [0x00000000ed700000,0x00000000ed700000,0x00000000ee600000)
 ParOldGen       total 125440K, used 33842K [0x00000000a0000000, 0x00000000a7a80000, 0x00000000e0000000)
  object space 125440K, 26% used [0x00000000a0000000,0x00000000a210c860,0x00000000a7a80000)
 Metaspace       used 62747K, capacity 64652K, committed 64792K, reserved 1105920K
  class space    used 8473K, capacity 8919K, committed 9000K, reserved 1048576K
Event: 21.420 GC heap after
Heap after GC invocations=15 (full 3):
 PSYoungGen      total 200192K, used 10556K [0x00000000e0000000, 0x00000000ee180000, 0x0000000100000000)
  eden space 189440K, 0% used [0x00000000e0000000,0x00000000e0000000,0x00000000eb900000)
  from space 10752K, 98% used [0x00000000ed700000,0x00000000ee14f0a8,0x00000000ee180000)
  to   space 15360K, 0% used [0x00000000ec380000,0x00000000ec380000,0x00000000ed280000)
 ParOldGen       total 125440K, used 33850K [0x00000000a0000000, 0x00000000a7a80000, 0x00000000e0000000)
  object space 125440K, 26% used [0x00000000a0000000,0x00000000a210e860,0x00000000a7a80000)
 Metaspace       used 62747K, capacity 64652K, committed 64792K, reserved 1105920K
  class space    used 8473K, capacity 8919K, committed 9000K, reserved 1048576K
}
Event: 34.995 GC heap before
{Heap before GC invocations=16 (full 3):
 PSYoungGen      total 200192K, used 199996K [0x00000000e0000000, 0x00000000ee180000, 0x0000000100000000)
  eden space 189440K, 100% used [0x00000000e0000000,0x00000000eb900000,0x00000000eb900000)
  from space 10752K, 98% used [0x00000000ed700000,0x00000000ee14f0a8,0x00000000ee180000)
  to   space 15360K, 0% used [0x00000000ec380000,0x00000000ec380000,0x00000000ed280000)
 ParOldGen       total 125440K, used 33850K [0x00000000a0000000, 0x00000000a7a80000, 0x00000000e0000000)
  object space 125440K, 26% used [0x00000000a0000000,0x00000000a210e860,0x00000000a7a80000)
 Metaspace       used 70966K, capacity 72986K, committed 73112K, reserved 1112064K
  class space    used 9361K, capacity 9836K, committed 9896K, reserved 1048576K
Event: 35.040 GC heap after
Heap after GC invocations=16 (full 3):
 PSYoungGen      total 215552K, used 15333K [0x00000000e0000000, 0x00000000efa00000, 0x0000000100000000)
  eden space 200192K, 0% used [0x00000000e0000000,0x00000000e0000000,0x00000000ec380000)
  from space 15360K, 99% used [0x00000000ec380000,0x00000000ed2795c8,0x00000000ed280000)
  to   space 18432K, 0% used [0x00000000ee800000,0x00000000ee800000,0x00000000efa00000)
 ParOldGen       total 125440K, used 36508K [0x00000000a0000000, 0x00000000a7a80000, 0x00000000e0000000)
  object space 125440K, 29% used [0x00000000a0000000,0x00000000a23a7058,0x00000000a7a80000)
 Metaspace       used 70966K, capacity 72986K, committed 73112K, reserved 1112064K
  class space    used 9361K, capacity 9836K, committed 9896K, reserved 1048576K
}
Event: 38.988 GC heap before
{Heap before GC invocations=17 (full 3):
 PSYoungGen      total 215552K, used 215525K [0x00000000e0000000, 0x00000000efa00000, 0x0000000100000000)
  eden space 200192K, 100% used [0x00000000e0000000,0x00000000ec380000,0x00000000ec380000)
  from space 15360K, 99% used [0x00000000ec380000,0x00000000ed2795c8,0x00000000ed280000)
  to   space 18432K, 0% used [0x00000000ee800000,0x00000000ee800000,0x00000000efa00000)
 ParOldGen       total 125440K, used 36508K [0x00000000a0000000, 0x00000000a7a80000, 0x00000000e0000000)
  object space 125440K, 29% used [0x00000000a0000000,0x00000000a23a7058,0x00000000a7a80000)
 Metaspace       used 81484K, capacity 84980K, committed 85144K, reserved 1122304K
  class space    used 10723K, capacity 11375K, committed 11432K, reserved 1048576K
Event: 39.041 GC heap after
Heap after GC invocations=17 (full 3):
 PSYoungGen      total 237056K, used 14456K [0x00000000e0000000, 0x00000000f0780000, 0x0000000100000000)
  eden space 218624K, 0% used [0x00000000e0000000,0x00000000e0000000,0x00000000ed580000)
  from space 18432K, 78% used [0x00000000ee800000,0x00000000ef61e230,0x00000000efa00000)
  to   space 18944K, 0% used [0x00000000ed580000,0x00000000ed580000,0x00000000ee800000)
 ParOldGen       total 125440K, used 47658K [0x00000000a0000000, 0x00000000a7a80000, 0x00000000e0000000)
  object space 125440K, 37% used [0x00000000a0000000,0x00000000a2e8a8e0,0x00000000a7a80000)
 Metaspace       used 81484K, capacity 84980K, committed 85144K, reserved 1122304K
  class space    used 10723K, capacity 11375K, committed 11432K, reserved 1048576K
}

Deoptimization events (10 events):
Event: 38.239 Thread 0x000000001fca8000 Uncommon trap: reason=bimorphic action=maybe_recompile pc=0x0000000004bb1094 method=com.android.tools.r8.ir.code.ValueType.fromTypeLattice(Lcom/android/tools/r8/ir/analysis/type/TypeLatticeElement;)Lcom/android/tools/r8/ir/code/ValueType; @ 12
Event: 38.246 Thread 0x000000001fca8000 Uncommon trap: reason=bimorphic action=maybe_recompile pc=0x0000000004b8ce78 method=com.android.tools.r8.com.google.common.collect.AbstractIndexedListIterator.next()Ljava/lang/Object; @ 27
Event: 38.246 Thread 0x000000001fca8000 Uncommon trap: reason=bimorphic action=maybe_recompile pc=0x0000000004b8ce78 method=com.android.tools.r8.com.google.common.collect.AbstractIndexedListIterator.next()Ljava/lang/Object; @ 27
Event: 38.246 Thread 0x000000001fca8000 Uncommon trap: reason=bimorphic action=maybe_recompile pc=0x0000000004b8ce78 method=com.android.tools.r8.com.google.common.collect.AbstractIndexedListIterator.next()Ljava/lang/Object; @ 27
Event: 38.246 Thread 0x000000001fca8000 Uncommon trap: reason=bimorphic action=maybe_recompile pc=0x0000000004b8ce78 method=com.android.tools.r8.com.google.common.collect.AbstractIndexedListIterator.next()Ljava/lang/Object; @ 27
Event: 38.249 Thread 0x000000001fca8000 Uncommon trap: reason=bimorphic action=maybe_recompile pc=0x0000000004bb1094 method=com.android.tools.r8.ir.code.ValueType.fromTypeLattice(Lcom/android/tools/r8/ir/analysis/type/TypeLatticeElement;)Lcom/android/tools/r8/ir/code/ValueType; @ 12
Event: 38.249 Thread 0x000000001fca8000 Uncommon trap: reason=bimorphic action=maybe_recompile pc=0x0000000004bb1094 method=com.android.tools.r8.ir.code.ValueType.fromTypeLattice(Lcom/android/tools/r8/ir/analysis/type/TypeLatticeElement;)Lcom/android/tools/r8/ir/code/ValueType; @ 12
Event: 38.435 Thread 0x000000001fca8000 Uncommon trap: reason=class_check action=maybe_recompile pc=0x0000000004b0957c method=java.util.ArrayDeque.contains(Ljava/lang/Object;)Z @ 34
Event: 39.267 Thread 0x000000001fca8000 Uncommon trap: reason=predicate action=maybe_recompile pc=0x000000000411bc08 method=java.util.TimSort.binarySort([Ljava/lang/Object;IIILjava/util/Comparator;)V @ 37
Event: 39.514 Thread 0x0000000018b3e000 Uncommon trap: reason=class_check action=maybe_recompile pc=0x00000000040dcf40 method=java.util.Spliterators$1Adapter.hasNext()Z @ 12

Classes redefined (0 events):
No events

Internal exceptions (10 events):
Event: 39.339 Thread 0x000000001fca8000 Exception <a 'sun/nio/fs/WindowsException'> (0x00000000e11a4a30) thrown at [D:\src\AOSP-openjdk-cygwin\jdk8u\hotspot\src\share\vm\prims\jni.cpp, line 709]
Event: 39.343 Thread 0x000000001fca8000 Exception <a 'sun/nio/fs/WindowsException'> (0x00000000e11a9e38) thrown at [D:\src\AOSP-openjdk-cygwin\jdk8u\hotspot\src\share\vm\prims\jni.cpp, line 709]
Event: 39.349 Thread 0x000000001fca8000 Exception <a 'sun/nio/fs/WindowsException'> (0x00000000e1305ab8) thrown at [D:\src\AOSP-openjdk-cygwin\jdk8u\hotspot\src\share\vm\prims\jni.cpp, line 709]
Event: 39.353 Thread 0x000000001fca8000 Exception <a 'sun/nio/fs/WindowsException'> (0x00000000e134ad68) thrown at [D:\src\AOSP-openjdk-cygwin\jdk8u\hotspot\src\share\vm\prims\jni.cpp, line 709]
Event: 39.357 Thread 0x000000001fca8000 Exception <a 'sun/nio/fs/WindowsException'> (0x00000000e1390590) thrown at [D:\src\AOSP-openjdk-cygwin\jdk8u\hotspot\src\share\vm\prims\jni.cpp, line 709]
Event: 39.361 Thread 0x000000001fca8000 Exception <a 'sun/nio/fs/WindowsException'> (0x00000000e13d5878) thrown at [D:\src\AOSP-openjdk-cygwin\jdk8u\hotspot\src\share\vm\prims\jni.cpp, line 709]
Event: 39.365 Thread 0x000000001fca8000 Exception <a 'sun/nio/fs/WindowsException'> (0x00000000e13daaf8) thrown at [D:\src\AOSP-openjdk-cygwin\jdk8u\hotspot\src\share\vm\prims\jni.cpp, line 709]
Event: 39.369 Thread 0x000000001fca8000 Exception <a 'sun/nio/fs/WindowsException'> (0x00000000e13e1078) thrown at [D:\src\AOSP-openjdk-cygwin\jdk8u\hotspot\src\share\vm\prims\jni.cpp, line 709]
Event: 39.377 Thread 0x000000001fca8000 Exception <a 'sun/nio/fs/WindowsException'> (0x00000000e13f4860) thrown at [D:\src\AOSP-openjdk-cygwin\jdk8u\hotspot\src\share\vm\prims\jni.cpp, line 709]
Event: 39.396 Thread 0x000000001fca8000 Exception <a 'sun/nio/fs/WindowsException'> (0x00000000e1408ff8) thrown at [D:\src\AOSP-openjdk-cygwin\jdk8u\hotspot\src\share\vm\prims\jni.cpp, line 709]

Events (10 events):
Event: 39.498 Thread 0x000000001c6eb800 DEOPT UNPACKING pc=0x0000000002b675d0 sp=0x00000000238ae460 mode 0
Event: 39.514 Thread 0x0000000018b3e000 Uncommon trap: trap_request=0xffffffde fr.pc=0x00000000040dcf40
Event: 39.514 Thread 0x0000000018b3e000 DEOPT PACKING pc=0x00000000040dcf40 sp=0x000000001aa19ac0
Event: 39.514 Thread 0x0000000018b3e000 DEOPT UNPACKING pc=0x0000000002b6557b sp=0x000000001aa19a70 mode 2
Event: 39.514 Thread 0x0000000018b3e000 DEOPT PACKING pc=0x0000000003e26566 sp=0x000000001aa18fe0
Event: 39.514 Thread 0x0000000018b3e000 DEOPT UNPACKING pc=0x0000000002b675d0 sp=0x000000001aa18de0 mode 0
Event: 39.517 Thread 0x0000000018b3e000 DEOPT PACKING pc=0x0000000003e26566 sp=0x000000001aa18d20
Event: 39.517 Thread 0x0000000018b3e000 DEOPT UNPACKING pc=0x0000000002b675d0 sp=0x000000001aa18b20 mode 0
Event: 39.519 Thread 0x0000000018b3e000 DEOPT PACKING pc=0x0000000003e26566 sp=0x000000001aa18d20
Event: 39.519 Thread 0x0000000018b3e000 DEOPT UNPACKING pc=0x0000000002b675d0 sp=0x000000001aa18b20 mode 0


Dynamic libraries:
0x00007ff60b740000 - 0x00007ff60b771000 	C:\Program Files\Android\Android Studio\jre\bin\java.exe
0x00007ffb59cf0000 - 0x00007ffb59ed1000 	C:\WINDOWS\SYSTEM32\ntdll.dll
0x00007ffb57330000 - 0x00007ffb573e1000 	C:\WINDOWS\System32\KERNEL32.DLL
0x00007ffb56be0000 - 0x00007ffb56e53000 	C:\WINDOWS\System32\KERNELBASE.dll
0x00007ffb57f50000 - 0x00007ffb57ff1000 	C:\WINDOWS\System32\ADVAPI32.dll
0x00007ffb57ea0000 - 0x00007ffb57f3e000 	C:\WINDOWS\System32\msvcrt.dll
0x00007ffb59c60000 - 0x00007ffb59cbb000 	C:\WINDOWS\System32\sechost.dll
0x00007ffb57690000 - 0x00007ffb577b4000 	C:\WINDOWS\System32\RPCRT4.dll
0x00007ffb582f0000 - 0x00007ffb58480000 	C:\WINDOWS\System32\USER32.dll
0x00007ffb56e60000 - 0x00007ffb56e80000 	C:\WINDOWS\System32\win32u.dll
0x00007ffb582c0000 - 0x00007ffb582e8000 	C:\WINDOWS\System32\GDI32.dll
0x00007ffb567d0000 - 0x00007ffb56962000 	C:\WINDOWS\System32\gdi32full.dll
0x00007ffb57030000 - 0x00007ffb570cf000 	C:\WINDOWS\System32\msvcp_win.dll
0x00007ffb56ee0000 - 0x00007ffb56fd8000 	C:\WINDOWS\System32\ucrtbase.dll
0x00007ffb47940000 - 0x00007ffb47ba9000 	C:\WINDOWS\WinSxS\amd64_microsoft.windows.common-controls_6595b64144ccf1df_6.0.17134.706_none_fb43a2cb30647007\COMCTL32.dll
0x00007ffb58490000 - 0x00007ffb587b2000 	C:\WINDOWS\System32\combase.dll
0x00007ffb56970000 - 0x00007ffb569ea000 	C:\WINDOWS\System32\bcryptPrimitives.dll
0x00007ffb57180000 - 0x00007ffb571ad000 	C:\WINDOWS\System32\IMM32.DLL
0x0000000061240000 - 0x0000000061312000 	C:\Program Files\Android\Android Studio\jre\jre\bin\msvcr100.dll
0x00000000614f0000 - 0x0000000061d31000 	C:\Program Files\Android\Android Studio\jre\jre\bin\server\jvm.dll
0x00007ffb58480000 - 0x00007ffb58488000 	C:\WINDOWS\System32\PSAPI.DLL
0x00007ffb47780000 - 0x00007ffb47789000 	C:\WINDOWS\SYSTEM32\WSOCK32.dll
0x00007ffb58060000 - 0x00007ffb580cc000 	C:\WINDOWS\System32\WS2_32.dll
0x00007ffb48b00000 - 0x00007ffb48b0a000 	C:\WINDOWS\SYSTEM32\VERSION.dll
0x00007ffb53db0000 - 0x00007ffb53dd3000 	C:\WINDOWS\SYSTEM32\WINMM.dll
0x00007ffb53c60000 - 0x00007ffb53c8a000 	C:\WINDOWS\SYSTEM32\winmmbase.dll
0x00007ffb56fe0000 - 0x00007ffb57029000 	C:\WINDOWS\System32\cfgmgr32.dll
0x00007ffb52340000 - 0x00007ffb5234f000 	C:\Program Files\Android\Android Studio\jre\jre\bin\verify.dll
0x00007ffb3c930000 - 0x00007ffb3c959000 	C:\Program Files\Android\Android Studio\jre\jre\bin\java.dll
0x00007ffb484a0000 - 0x00007ffb484b6000 	C:\Program Files\Android\Android Studio\jre\jre\bin\zip.dll
0x00007ffb58820000 - 0x00007ffb59c60000 	C:\WINDOWS\System32\SHELL32.dll
0x00007ffb571b0000 - 0x00007ffb57259000 	C:\WINDOWS\System32\shcore.dll
0x00007ffb560c0000 - 0x00007ffb567cd000 	C:\WINDOWS\System32\windows.storage.dll
0x00007ffb587c0000 - 0x00007ffb58811000 	C:\WINDOWS\System32\shlwapi.dll
0x00007ffb56010000 - 0x00007ffb56021000 	C:\WINDOWS\System32\kernel.appcore.dll
0x00007ffb56030000 - 0x00007ffb5604f000 	C:\WINDOWS\System32\profapi.dll
0x00007ffb56050000 - 0x00007ffb5609c000 	C:\WINDOWS\System32\powrprof.dll
0x00007ffb56000000 - 0x00007ffb5600a000 	C:\WINDOWS\System32\FLTLIB.DLL
0x00007ffb3d7c0000 - 0x00007ffb3d7da000 	C:\Program Files\Android\Android Studio\jre\jre\bin\net.dll
0x00007ffb55820000 - 0x00007ffb55886000 	C:\WINDOWS\system32\mswsock.dll
0x00007ffb3d630000 - 0x00007ffb3d641000 	C:\Program Files\Android\Android Studio\jre\jre\bin\nio.dll
0x00007ffb52100000 - 0x00007ffb5211e000 	C:\Users\xeshi\.gradle\native\25\windows-amd64\native-platform.dll
0x00007ffb520f0000 - 0x00007ffb520fd000 	C:\Program Files\Android\Android Studio\jre\jre\bin\management.dll
0x00007ffb559d0000 - 0x00007ffb559e7000 	C:\WINDOWS\SYSTEM32\CRYPTSP.dll
0x00007ffb55400000 - 0x00007ffb55433000 	C:\WINDOWS\system32\rsaenh.dll
0x00007ffb55b60000 - 0x00007ffb55b85000 	C:\WINDOWS\SYSTEM32\bcrypt.dll
0x00007ffb55f00000 - 0x00007ffb55f28000 	C:\WINDOWS\SYSTEM32\USERENV.dll
0x00007ffb559f0000 - 0x00007ffb559fb000 	C:\WINDOWS\SYSTEM32\CRYPTBASE.dll
0x00007ffb555a0000 - 0x00007ffb555d8000 	C:\WINDOWS\SYSTEM32\IPHLPAPI.DLL
0x00007ffb582b0000 - 0x00007ffb582b8000 	C:\WINDOWS\System32\NSI.dll
0x00007ffb4f470000 - 0x00007ffb4f486000 	C:\WINDOWS\SYSTEM32\dhcpcsvc6.DLL
0x00007ffb4f520000 - 0x00007ffb4f53a000 	C:\WINDOWS\SYSTEM32\dhcpcsvc.DLL

VM Arguments:
jvm_args: -Xmx1536m -Dfile.encoding=windows-1252 -Duser.country=US -Duser.language=en -Duser.variant 
java_command: org.gradle.launcher.daemon.bootstrap.GradleDaemon 5.1.1
java_class_path (initial): C:\Users\xeshi\.gradle\wrapper\dists\gradle-5.1.1-all\97z1ksx6lirer3kbvdnh7jtjg\gradle-5.1.1\lib\gradle-launcher-5.1.1.jar
Launcher Type: SUN_STANDARD

Environment Variables:
CLASSPATH=C:\ Program Files\Java\jdk1.8.0_131\lib\tools.jar;
PATH=C:\Program Files (x86)\Common Files\Oracle\Java\javapath;C:\Python27\;C:\Python27\Scripts;C:\ProgramData\Oracle\Java\javapath;C:\Program Files (x86)\Intel\iCLS Client\;C:\Program Files\Intel\iCLS Client\;C:\WINDOWS\system32;C:\WINDOWS;C:\WINDOWS\System32\Wbem;C:\WINDOWS\System32\WindowsPowerShell\v1.0\;C:\Program Files (x86)\Intel\Intel(R) Management Engine Components\DAL;C:\Program Files\Intel\Intel(R) Management Engine Components\DAL;C:\Program Files (x86)\Intel\Intel(R) Management Engine Components\IPT;C:\Program Files\Intel\Intel(R) Management Engine Components\IPT;C:\Program Files (x86)\PharosSystems\Core;C:\Program Files\MATLAB\R2017b\bin;C:\Program Files\Java\jdk1.8.0_131\bin;C:\Program Files\Point Grey Research\FlyCap2 Viewer\bin64;%FC2PATH\vs2013;C:\Program Files\Point Grey Research\FlyCap2 Viewer\bin64\vs2015;C:\WINDOWS\System32\OpenSSH\;C:\TDM-GCC-64\bin;C:\Program Files\PuTTY\;C:\Program Files\Microsoft VS Code\bin;C:\Program Files\Intel\WiFi\bin\;C:\Program Files\Common Files\Intel\WirelessCommon\;C:\Program Files\java\jdk-11.0.1\bin;C:\Program Files\dotnet\;C:\Program Files\Microsoft SQL Server\130\Tools\Binn\;C:\Program Files\Git\cmd;C:\Program Files\nodejs\;C:\Users\xeshi\Anaconda3;C:\Users\xeshi\Anaconda3\Library\mingw-w64\bin;C:\Users\xeshi\Anaconda3\Library\usr\bin;C:\Users\xeshi\Anaconda3\Library\bin;C:\Users\xeshi\Anaconda3\Scripts;C:\python37\Scripts\;C:\python37\;C:\Users\xeshi\AppData\Local\Microsoft\WindowsApps;C:\Python27;C:\Program Files (x86)\Microsoft Visual Studio\Shared\Python36_64;C:\Users\xeshi\AppData\Local\GitHubDesktop\bin;C:\Users\xeshi\AppData\Roaming\npm;C:\Program Files\MongoDB\Server\4.0\bin
USERNAME=xeshi
OS=Windows_NT
PROCESSOR_IDENTIFIER=Intel64 Family 6 Model 61 Stepping 4, GenuineIntel



---------------  S Y S T E M  ---------------

OS: Windows 10.0 , 64 bit Build 17134 (10.0.17134.706)

CPU:total 4 (initial active 4) (2 cores per cpu, 2 threads per core) family 6 model 61 stepping 4, cmov, cx8, fxsr, mmx, sse, sse2, sse3, ssse3, sse4.1, sse4.2, popcnt, avx, avx2, aes, clmul, erms, 3dnowpref, lzcnt, ht, tsc, tscinvbit, bmi1, bmi2, adx

Memory: 4k page, physical 8293924k(812456k free), swap 33459748k(6024k free)

vm_info: OpenJDK 64-Bit Server VM (25.152-b01) for windows-amd64 JRE (1.8.0_152-release-1343-b01), built by "builder" with MS VC++ 10.0 (VS2010)

time: Sun May 05 15:06:22 2019
elapsed time: 39 seconds (0d 0h 0m 39s)

